22:38:25.163 [run-main-0] INFO  org.eclipse.jetty.util.log - Logging initialized @48314ms
22:38:25.386 [run-main-0] INFO  o.atmosphere.cpr.AtmosphereFramework - Installed AtmosphereHandler io.udash.rpc.AtmosphereService mapped to context-path: /*
22:38:25.386 [run-main-0] INFO  o.atmosphere.cpr.AtmosphereFramework - Installed the following AtmosphereInterceptor mapped to AtmosphereHandler io.udash.rpc.AtmosphereService
22:38:25.486 [run-main-0] WARN  o.atmosphere.cpr.AtmosphereFramework - SessionSupport error. Make sure you also define org.atmosphere.cpr.SessionSupport as a listener in web.xml, see https://github.com/Atmosphere/atmosphere/wiki/Enabling-HttpSession-Support
22:38:25.524 [run-main-0] INFO  o.atmosphere.cpr.AtmosphereFramework - Atmosphere is using org.atmosphere.cpr.DefaultAnnotationProcessor for processing annotation
22:38:25.525 [run-main-0] INFO  o.a.cpr.DefaultAnnotationProcessor - AnnotationProcessor class org.atmosphere.cpr.DefaultAnnotationProcessor$BytecodeBasedAnnotationProcessor being used
22:38:25.646 [run-main-0] INFO  o.atmosphere.cpr.AtmosphereFramework - Auto detecting WebSocketHandler in /WEB-INF/classes/
22:38:25.647 [run-main-0] INFO  o.atmosphere.cpr.AtmosphereFramework - Installed WebSocketProtocol org.atmosphere.websocket.protocol.SimpleHttpProtocol 
22:38:25.738 [run-main-0] INFO  o.atmosphere.cpr.AtmosphereFramework - Installing Default AtmosphereInterceptors
22:38:25.738 [run-main-0] INFO  o.atmosphere.cpr.AtmosphereFramework - 	org.atmosphere.interceptor.CorsInterceptor : CORS Interceptor Support
22:38:25.739 [run-main-0] INFO  o.atmosphere.cpr.AtmosphereFramework - 	org.atmosphere.interceptor.CacheHeadersInterceptor : Default Response's Headers Interceptor
22:38:25.739 [run-main-0] INFO  o.atmosphere.cpr.AtmosphereFramework - 	org.atmosphere.interceptor.PaddingAtmosphereInterceptor : Browser Padding Interceptor Support
22:38:25.740 [run-main-0] INFO  o.atmosphere.cpr.AtmosphereFramework - 	org.atmosphere.interceptor.AndroidAtmosphereInterceptor : Android Interceptor Support
22:38:25.740 [run-main-0] INFO  o.atmosphere.cpr.AtmosphereFramework - 	org.atmosphere.interceptor.HeartbeatInterceptor : Heartbeat Interceptor Support
22:38:25.740 [run-main-0] INFO  o.atmosphere.cpr.AtmosphereFramework - 	org.atmosphere.interceptor.SSEAtmosphereInterceptor : SSE Interceptor Support
22:38:25.740 [run-main-0] INFO  o.atmosphere.cpr.AtmosphereFramework - 	org.atmosphere.interceptor.JSONPAtmosphereInterceptor : JSONP Interceptor Support
22:38:25.741 [run-main-0] INFO  o.atmosphere.cpr.AtmosphereFramework - 	org.atmosphere.interceptor.JavaScriptProtocol : Atmosphere JavaScript Protocol
22:38:25.742 [run-main-0] INFO  o.atmosphere.cpr.AtmosphereFramework - 	org.atmosphere.interceptor.WebSocketMessageSuspendInterceptor : org.atmosphere.interceptor.WebSocketMessageSuspendInterceptor
22:38:25.742 [run-main-0] INFO  o.atmosphere.cpr.AtmosphereFramework - 	org.atmosphere.interceptor.OnDisconnectInterceptor : Browser disconnection detection
22:38:25.742 [run-main-0] INFO  o.atmosphere.cpr.AtmosphereFramework - 	org.atmosphere.interceptor.IdleResourceInterceptor : org.atmosphere.interceptor.IdleResourceInterceptor
22:38:25.742 [run-main-0] INFO  o.atmosphere.cpr.AtmosphereFramework - Set org.atmosphere.cpr.AtmosphereInterceptor.disableDefaults to disable them.
22:38:25.742 [run-main-0] INFO  o.atmosphere.cpr.AtmosphereFramework - Installed AtmosphereInterceptor CORS Interceptor Support with priority FIRST_BEFORE_DEFAULT 
22:38:25.749 [run-main-0] INFO  o.atmosphere.cpr.AtmosphereFramework - Installed AtmosphereInterceptor Default Response's Headers Interceptor with priority AFTER_DEFAULT 
22:38:25.749 [run-main-0] INFO  o.atmosphere.cpr.AtmosphereFramework - Installed AtmosphereInterceptor Browser Padding Interceptor Support with priority AFTER_DEFAULT 
22:38:25.749 [run-main-0] INFO  o.atmosphere.cpr.AtmosphereFramework - Installed AtmosphereInterceptor Android Interceptor Support with priority AFTER_DEFAULT 
22:38:25.749 [run-main-0] INFO  o.a.interceptor.HeartbeatInterceptor - HeartbeatInterceptor configured with padding value 'X', client frequency 30 seconds and server frequency 30 seconds
22:38:25.749 [run-main-0] INFO  o.atmosphere.cpr.AtmosphereFramework - Installed AtmosphereInterceptor Heartbeat Interceptor Support with priority AFTER_DEFAULT 
22:38:25.750 [run-main-0] INFO  o.atmosphere.cpr.AtmosphereFramework - Installed AtmosphereInterceptor SSE Interceptor Support with priority AFTER_DEFAULT 
22:38:25.750 [run-main-0] INFO  o.atmosphere.cpr.AtmosphereFramework - Installed AtmosphereInterceptor JSONP Interceptor Support with priority AFTER_DEFAULT 
22:38:25.750 [run-main-0] INFO  o.atmosphere.cpr.AtmosphereFramework - Installed AtmosphereInterceptor Atmosphere JavaScript Protocol with priority AFTER_DEFAULT 
22:38:25.750 [run-main-0] INFO  o.atmosphere.cpr.AtmosphereFramework - Installed AtmosphereInterceptor org.atmosphere.interceptor.WebSocketMessageSuspendInterceptor with priority AFTER_DEFAULT 
22:38:25.750 [run-main-0] INFO  o.atmosphere.cpr.AtmosphereFramework - Installed AtmosphereInterceptor Browser disconnection detection with priority AFTER_DEFAULT 
22:38:25.750 [run-main-0] INFO  o.atmosphere.cpr.AtmosphereFramework - Installed AtmosphereInterceptor org.atmosphere.interceptor.IdleResourceInterceptor with priority BEFORE_DEFAULT 
22:38:25.757 [run-main-0] INFO  o.atmosphere.cpr.AtmosphereFramework - Using EndpointMapper class org.atmosphere.util.DefaultEndpointMapper
22:38:25.758 [run-main-0] WARN  o.atmosphere.cpr.AtmosphereFramework - No BroadcasterCache configured. Broadcasted message between client reconnection will be LOST. It is recommended to configure the org.atmosphere.cache.UUIDBroadcasterCache
22:38:25.758 [run-main-0] INFO  o.atmosphere.cpr.AtmosphereFramework - Default Broadcaster Class: org.atmosphere.cpr.DefaultBroadcaster
22:38:25.758 [run-main-0] INFO  o.atmosphere.cpr.AtmosphereFramework - Broadcaster Shared List Resources: false
22:38:25.758 [run-main-0] INFO  o.atmosphere.cpr.AtmosphereFramework - Broadcaster Polling Wait Time 100
22:38:25.759 [run-main-0] INFO  o.atmosphere.cpr.AtmosphereFramework - Shared ExecutorService supported: true
22:38:25.759 [run-main-0] INFO  o.atmosphere.cpr.AtmosphereFramework - Messaging Thread Pool Size: 4
22:38:25.759 [run-main-0] INFO  o.atmosphere.cpr.AtmosphereFramework - Async I/O Thread Pool Size: 4
22:38:25.759 [run-main-0] INFO  o.atmosphere.cpr.AtmosphereFramework - Using BroadcasterFactory: org.atmosphere.cpr.DefaultBroadcasterFactory
22:38:25.759 [run-main-0] INFO  o.atmosphere.cpr.AtmosphereFramework - Using AtmosphereResurceFactory: org.atmosphere.cpr.DefaultAtmosphereResourceFactory
22:38:25.759 [run-main-0] INFO  o.atmosphere.cpr.AtmosphereFramework - Using WebSocketProcessor: org.atmosphere.websocket.DefaultWebSocketProcessor
22:38:25.759 [run-main-0] INFO  o.atmosphere.cpr.AtmosphereFramework - Invoke AtmosphereInterceptor on WebSocket message true
22:38:25.759 [run-main-0] INFO  o.atmosphere.cpr.AtmosphereFramework - HttpSession supported: true
22:38:25.759 [run-main-0] INFO  o.atmosphere.cpr.AtmosphereFramework - Atmosphere is using DefaultAtmosphereObjectFactory for dependency injection and object creation
22:38:25.759 [run-main-0] INFO  o.atmosphere.cpr.AtmosphereFramework - Atmosphere is using async support: org.atmosphere.container.Jetty9AsyncSupportWithWebSocket running under container: Undefined/0.0 with WebSocket enabled.
22:38:25.760 [run-main-0] INFO  o.atmosphere.cpr.AtmosphereFramework - Atmosphere Framework 2.4.9 started.
22:38:25.760 [run-main-0] INFO  o.atmosphere.cpr.AtmosphereFramework - 

	For Atmosphere Framework Commercial Support, visit 
	http://www.async-io.org/ or send an email to support@async-io.org

22:38:25.788 [run-main-0] INFO  org.eclipse.jetty.server.Server - jetty-9.3.11.v20160721
22:38:26.115 [run-main-0] INFO  o.e.j.server.handler.ContextHandler - Started o.e.j.s.ServletContextHandler@796a17b5{/,null,AVAILABLE}
22:38:26.151 [run-main-0] INFO  o.e.jetty.server.AbstractConnector - Started ServerConnector@55507754{HTTP/1.1,[http/1.1]}{0.0.0.0:8080}
22:38:26.151 [run-main-0] INFO  org.eclipse.jetty.server.Server - Started @49304ms
22:38:26.318 [Thread-1] INFO  o.atmosphere.cpr.AtmosphereFramework - Latest version of Atmosphere's JavaScript Client 2.3.5
