21:42:44.284 [run-main-0] INFO  org.eclipse.jetty.util.log - Logging initialized @42470ms
21:42:44.605 [run-main-0] INFO  o.atmosphere.cpr.AtmosphereFramework - Installed AtmosphereHandler io.udash.rpc.AtmosphereService mapped to context-path: /*
21:42:44.605 [run-main-0] INFO  o.atmosphere.cpr.AtmosphereFramework - Installed the following AtmosphereInterceptor mapped to AtmosphereHandler io.udash.rpc.AtmosphereService
21:42:44.626 [run-main-0] WARN  o.atmosphere.cpr.AtmosphereFramework - SessionSupport error. Make sure you also define org.atmosphere.cpr.SessionSupport as a listener in web.xml, see https://github.com/Atmosphere/atmosphere/wiki/Enabling-HttpSession-Support
21:42:44.666 [run-main-0] INFO  o.atmosphere.cpr.AtmosphereFramework - Atmosphere is using org.atmosphere.cpr.DefaultAnnotationProcessor for processing annotation
21:42:44.667 [run-main-0] INFO  o.a.cpr.DefaultAnnotationProcessor - AnnotationProcessor class org.atmosphere.cpr.DefaultAnnotationProcessor$BytecodeBasedAnnotationProcessor being used
21:42:44.759 [run-main-0] INFO  o.atmosphere.cpr.AtmosphereFramework - Auto detecting WebSocketHandler in /WEB-INF/classes/
21:42:44.760 [run-main-0] INFO  o.atmosphere.cpr.AtmosphereFramework - Installed WebSocketProtocol org.atmosphere.websocket.protocol.SimpleHttpProtocol 
21:42:44.869 [run-main-0] INFO  o.atmosphere.cpr.AtmosphereFramework - Installing Default AtmosphereInterceptors
21:42:44.870 [run-main-0] INFO  o.atmosphere.cpr.AtmosphereFramework - 	org.atmosphere.interceptor.CorsInterceptor : CORS Interceptor Support
21:42:44.870 [run-main-0] INFO  o.atmosphere.cpr.AtmosphereFramework - 	org.atmosphere.interceptor.CacheHeadersInterceptor : Default Response's Headers Interceptor
21:42:44.870 [run-main-0] INFO  o.atmosphere.cpr.AtmosphereFramework - 	org.atmosphere.interceptor.PaddingAtmosphereInterceptor : Browser Padding Interceptor Support
21:42:44.871 [run-main-0] INFO  o.atmosphere.cpr.AtmosphereFramework - 	org.atmosphere.interceptor.AndroidAtmosphereInterceptor : Android Interceptor Support
21:42:44.871 [run-main-0] INFO  o.atmosphere.cpr.AtmosphereFramework - 	org.atmosphere.interceptor.HeartbeatInterceptor : Heartbeat Interceptor Support
21:42:44.872 [run-main-0] INFO  o.atmosphere.cpr.AtmosphereFramework - 	org.atmosphere.interceptor.SSEAtmosphereInterceptor : SSE Interceptor Support
21:42:44.872 [run-main-0] INFO  o.atmosphere.cpr.AtmosphereFramework - 	org.atmosphere.interceptor.JSONPAtmosphereInterceptor : JSONP Interceptor Support
21:42:44.874 [run-main-0] INFO  o.atmosphere.cpr.AtmosphereFramework - 	org.atmosphere.interceptor.JavaScriptProtocol : Atmosphere JavaScript Protocol
21:42:44.874 [run-main-0] INFO  o.atmosphere.cpr.AtmosphereFramework - 	org.atmosphere.interceptor.WebSocketMessageSuspendInterceptor : org.atmosphere.interceptor.WebSocketMessageSuspendInterceptor
21:42:44.874 [run-main-0] INFO  o.atmosphere.cpr.AtmosphereFramework - 	org.atmosphere.interceptor.OnDisconnectInterceptor : Browser disconnection detection
21:42:44.875 [run-main-0] INFO  o.atmosphere.cpr.AtmosphereFramework - 	org.atmosphere.interceptor.IdleResourceInterceptor : org.atmosphere.interceptor.IdleResourceInterceptor
21:42:44.875 [run-main-0] INFO  o.atmosphere.cpr.AtmosphereFramework - Set org.atmosphere.cpr.AtmosphereInterceptor.disableDefaults to disable them.
21:42:44.875 [run-main-0] INFO  o.atmosphere.cpr.AtmosphereFramework - Installed AtmosphereInterceptor CORS Interceptor Support with priority FIRST_BEFORE_DEFAULT 
21:42:44.894 [run-main-0] INFO  o.atmosphere.cpr.AtmosphereFramework - Installed AtmosphereInterceptor Default Response's Headers Interceptor with priority AFTER_DEFAULT 
21:42:44.895 [run-main-0] INFO  o.atmosphere.cpr.AtmosphereFramework - Installed AtmosphereInterceptor Browser Padding Interceptor Support with priority AFTER_DEFAULT 
21:42:44.898 [run-main-0] INFO  o.atmosphere.cpr.AtmosphereFramework - Installed AtmosphereInterceptor Android Interceptor Support with priority AFTER_DEFAULT 
21:42:44.898 [run-main-0] INFO  o.a.interceptor.HeartbeatInterceptor - HeartbeatInterceptor configured with padding value 'X', client frequency 30 seconds and server frequency 30 seconds
21:42:44.898 [run-main-0] INFO  o.atmosphere.cpr.AtmosphereFramework - Installed AtmosphereInterceptor Heartbeat Interceptor Support with priority AFTER_DEFAULT 
21:42:44.898 [run-main-0] INFO  o.atmosphere.cpr.AtmosphereFramework - Installed AtmosphereInterceptor SSE Interceptor Support with priority AFTER_DEFAULT 
21:42:44.898 [run-main-0] INFO  o.atmosphere.cpr.AtmosphereFramework - Installed AtmosphereInterceptor JSONP Interceptor Support with priority AFTER_DEFAULT 
21:42:44.898 [run-main-0] INFO  o.atmosphere.cpr.AtmosphereFramework - Installed AtmosphereInterceptor Atmosphere JavaScript Protocol with priority AFTER_DEFAULT 
21:42:44.898 [run-main-0] INFO  o.atmosphere.cpr.AtmosphereFramework - Installed AtmosphereInterceptor org.atmosphere.interceptor.WebSocketMessageSuspendInterceptor with priority AFTER_DEFAULT 
21:42:44.898 [run-main-0] INFO  o.atmosphere.cpr.AtmosphereFramework - Installed AtmosphereInterceptor Browser disconnection detection with priority AFTER_DEFAULT 
21:42:44.898 [run-main-0] INFO  o.atmosphere.cpr.AtmosphereFramework - Installed AtmosphereInterceptor org.atmosphere.interceptor.IdleResourceInterceptor with priority BEFORE_DEFAULT 
21:42:44.900 [run-main-0] INFO  o.atmosphere.cpr.AtmosphereFramework - Using EndpointMapper class org.atmosphere.util.DefaultEndpointMapper
21:42:44.901 [run-main-0] WARN  o.atmosphere.cpr.AtmosphereFramework - No BroadcasterCache configured. Broadcasted message between client reconnection will be LOST. It is recommended to configure the org.atmosphere.cache.UUIDBroadcasterCache
21:42:44.901 [run-main-0] INFO  o.atmosphere.cpr.AtmosphereFramework - Default Broadcaster Class: org.atmosphere.cpr.DefaultBroadcaster
21:42:44.901 [run-main-0] INFO  o.atmosphere.cpr.AtmosphereFramework - Broadcaster Shared List Resources: false
21:42:44.901 [run-main-0] INFO  o.atmosphere.cpr.AtmosphereFramework - Broadcaster Polling Wait Time 100
21:42:44.901 [run-main-0] INFO  o.atmosphere.cpr.AtmosphereFramework - Shared ExecutorService supported: true
21:42:44.901 [run-main-0] INFO  o.atmosphere.cpr.AtmosphereFramework - Messaging Thread Pool Size: 4
21:42:44.901 [run-main-0] INFO  o.atmosphere.cpr.AtmosphereFramework - Async I/O Thread Pool Size: 4
21:42:44.901 [run-main-0] INFO  o.atmosphere.cpr.AtmosphereFramework - Using BroadcasterFactory: org.atmosphere.cpr.DefaultBroadcasterFactory
21:42:44.901 [run-main-0] INFO  o.atmosphere.cpr.AtmosphereFramework - Using AtmosphereResurceFactory: org.atmosphere.cpr.DefaultAtmosphereResourceFactory
21:42:44.901 [run-main-0] INFO  o.atmosphere.cpr.AtmosphereFramework - Using WebSocketProcessor: org.atmosphere.websocket.DefaultWebSocketProcessor
21:42:44.901 [run-main-0] INFO  o.atmosphere.cpr.AtmosphereFramework - Invoke AtmosphereInterceptor on WebSocket message true
21:42:44.901 [run-main-0] INFO  o.atmosphere.cpr.AtmosphereFramework - HttpSession supported: true
21:42:44.902 [run-main-0] INFO  o.atmosphere.cpr.AtmosphereFramework - Atmosphere is using DefaultAtmosphereObjectFactory for dependency injection and object creation
21:42:44.902 [run-main-0] INFO  o.atmosphere.cpr.AtmosphereFramework - Atmosphere is using async support: org.atmosphere.container.Jetty9AsyncSupportWithWebSocket running under container: Undefined/0.0 with WebSocket enabled.
21:42:44.903 [run-main-0] INFO  o.atmosphere.cpr.AtmosphereFramework - Atmosphere Framework 2.4.9 started.
21:42:44.906 [run-main-0] INFO  o.atmosphere.cpr.AtmosphereFramework - 

	For Atmosphere Framework Commercial Support, visit 
	http://www.async-io.org/ or send an email to support@async-io.org

21:42:44.920 [run-main-0] INFO  org.eclipse.jetty.server.Server - jetty-9.3.11.v20160721
21:42:45.054 [run-main-0] INFO  o.e.j.server.handler.ContextHandler - Started o.e.j.s.ServletContextHandler@77c3e3b4{/,null,AVAILABLE}
21:42:45.064 [run-main-0] INFO  o.e.jetty.server.AbstractConnector - Started ServerConnector@7a648c9{HTTP/1.1,[http/1.1]}{0.0.0.0:8080}
21:42:45.064 [run-main-0] INFO  org.eclipse.jetty.server.Server - Started @43253ms
21:42:45.478 [Thread-1] INFO  o.atmosphere.cpr.AtmosphereFramework - Latest version of Atmosphere's JavaScript Client 2.3.5
