22:35:58.500 [run-main-0] INFO  org.eclipse.jetty.util.log - Logging initialized @55524ms
22:35:58.768 [run-main-0] INFO  o.atmosphere.cpr.AtmosphereFramework - Installed AtmosphereHandler io.udash.rpc.AtmosphereService mapped to context-path: /*
22:35:58.769 [run-main-0] INFO  o.atmosphere.cpr.AtmosphereFramework - Installed the following AtmosphereInterceptor mapped to AtmosphereHandler io.udash.rpc.AtmosphereService
22:35:58.787 [run-main-0] WARN  o.atmosphere.cpr.AtmosphereFramework - SessionSupport error. Make sure you also define org.atmosphere.cpr.SessionSupport as a listener in web.xml, see https://github.com/Atmosphere/atmosphere/wiki/Enabling-HttpSession-Support
22:35:58.846 [run-main-0] INFO  o.atmosphere.cpr.AtmosphereFramework - Atmosphere is using org.atmosphere.cpr.DefaultAnnotationProcessor for processing annotation
22:35:58.846 [run-main-0] INFO  o.a.cpr.DefaultAnnotationProcessor - AnnotationProcessor class org.atmosphere.cpr.DefaultAnnotationProcessor$BytecodeBasedAnnotationProcessor being used
22:35:58.942 [run-main-0] INFO  o.atmosphere.cpr.AtmosphereFramework - Auto detecting WebSocketHandler in /WEB-INF/classes/
22:35:58.943 [run-main-0] INFO  o.atmosphere.cpr.AtmosphereFramework - Installed WebSocketProtocol org.atmosphere.websocket.protocol.SimpleHttpProtocol 
22:35:58.992 [run-main-0] INFO  o.atmosphere.cpr.AtmosphereFramework - Installing Default AtmosphereInterceptors
22:35:58.993 [run-main-0] INFO  o.atmosphere.cpr.AtmosphereFramework - 	org.atmosphere.interceptor.CorsInterceptor : CORS Interceptor Support
22:35:58.994 [run-main-0] INFO  o.atmosphere.cpr.AtmosphereFramework - 	org.atmosphere.interceptor.CacheHeadersInterceptor : Default Response's Headers Interceptor
22:35:58.994 [run-main-0] INFO  o.atmosphere.cpr.AtmosphereFramework - 	org.atmosphere.interceptor.PaddingAtmosphereInterceptor : Browser Padding Interceptor Support
22:35:58.995 [run-main-0] INFO  o.atmosphere.cpr.AtmosphereFramework - 	org.atmosphere.interceptor.AndroidAtmosphereInterceptor : Android Interceptor Support
22:35:58.995 [run-main-0] INFO  o.atmosphere.cpr.AtmosphereFramework - 	org.atmosphere.interceptor.HeartbeatInterceptor : Heartbeat Interceptor Support
22:35:58.996 [run-main-0] INFO  o.atmosphere.cpr.AtmosphereFramework - 	org.atmosphere.interceptor.SSEAtmosphereInterceptor : SSE Interceptor Support
22:35:58.996 [run-main-0] INFO  o.atmosphere.cpr.AtmosphereFramework - 	org.atmosphere.interceptor.JSONPAtmosphereInterceptor : JSONP Interceptor Support
22:35:58.997 [run-main-0] INFO  o.atmosphere.cpr.AtmosphereFramework - 	org.atmosphere.interceptor.JavaScriptProtocol : Atmosphere JavaScript Protocol
22:35:58.997 [run-main-0] INFO  o.atmosphere.cpr.AtmosphereFramework - 	org.atmosphere.interceptor.WebSocketMessageSuspendInterceptor : org.atmosphere.interceptor.WebSocketMessageSuspendInterceptor
22:35:58.998 [run-main-0] INFO  o.atmosphere.cpr.AtmosphereFramework - 	org.atmosphere.interceptor.OnDisconnectInterceptor : Browser disconnection detection
22:35:58.998 [run-main-0] INFO  o.atmosphere.cpr.AtmosphereFramework - 	org.atmosphere.interceptor.IdleResourceInterceptor : org.atmosphere.interceptor.IdleResourceInterceptor
22:35:58.998 [run-main-0] INFO  o.atmosphere.cpr.AtmosphereFramework - Set org.atmosphere.cpr.AtmosphereInterceptor.disableDefaults to disable them.
22:35:58.999 [run-main-0] INFO  o.atmosphere.cpr.AtmosphereFramework - Installed AtmosphereInterceptor CORS Interceptor Support with priority FIRST_BEFORE_DEFAULT 
22:35:59.006 [run-main-0] INFO  o.atmosphere.cpr.AtmosphereFramework - Installed AtmosphereInterceptor Default Response's Headers Interceptor with priority AFTER_DEFAULT 
22:35:59.006 [run-main-0] INFO  o.atmosphere.cpr.AtmosphereFramework - Installed AtmosphereInterceptor Browser Padding Interceptor Support with priority AFTER_DEFAULT 
22:35:59.007 [run-main-0] INFO  o.atmosphere.cpr.AtmosphereFramework - Installed AtmosphereInterceptor Android Interceptor Support with priority AFTER_DEFAULT 
22:35:59.007 [run-main-0] INFO  o.a.interceptor.HeartbeatInterceptor - HeartbeatInterceptor configured with padding value 'X', client frequency 30 seconds and server frequency 30 seconds
22:35:59.007 [run-main-0] INFO  o.atmosphere.cpr.AtmosphereFramework - Installed AtmosphereInterceptor Heartbeat Interceptor Support with priority AFTER_DEFAULT 
22:35:59.007 [run-main-0] INFO  o.atmosphere.cpr.AtmosphereFramework - Installed AtmosphereInterceptor SSE Interceptor Support with priority AFTER_DEFAULT 
22:35:59.007 [run-main-0] INFO  o.atmosphere.cpr.AtmosphereFramework - Installed AtmosphereInterceptor JSONP Interceptor Support with priority AFTER_DEFAULT 
22:35:59.007 [run-main-0] INFO  o.atmosphere.cpr.AtmosphereFramework - Installed AtmosphereInterceptor Atmosphere JavaScript Protocol with priority AFTER_DEFAULT 
22:35:59.007 [run-main-0] INFO  o.atmosphere.cpr.AtmosphereFramework - Installed AtmosphereInterceptor org.atmosphere.interceptor.WebSocketMessageSuspendInterceptor with priority AFTER_DEFAULT 
22:35:59.007 [run-main-0] INFO  o.atmosphere.cpr.AtmosphereFramework - Installed AtmosphereInterceptor Browser disconnection detection with priority AFTER_DEFAULT 
22:35:59.007 [run-main-0] INFO  o.atmosphere.cpr.AtmosphereFramework - Installed AtmosphereInterceptor org.atmosphere.interceptor.IdleResourceInterceptor with priority BEFORE_DEFAULT 
22:35:59.008 [run-main-0] INFO  o.atmosphere.cpr.AtmosphereFramework - Using EndpointMapper class org.atmosphere.util.DefaultEndpointMapper
22:35:59.009 [run-main-0] WARN  o.atmosphere.cpr.AtmosphereFramework - No BroadcasterCache configured. Broadcasted message between client reconnection will be LOST. It is recommended to configure the org.atmosphere.cache.UUIDBroadcasterCache
22:35:59.009 [run-main-0] INFO  o.atmosphere.cpr.AtmosphereFramework - Default Broadcaster Class: org.atmosphere.cpr.DefaultBroadcaster
22:35:59.009 [run-main-0] INFO  o.atmosphere.cpr.AtmosphereFramework - Broadcaster Shared List Resources: false
22:35:59.009 [run-main-0] INFO  o.atmosphere.cpr.AtmosphereFramework - Broadcaster Polling Wait Time 100
22:35:59.009 [run-main-0] INFO  o.atmosphere.cpr.AtmosphereFramework - Shared ExecutorService supported: true
22:35:59.009 [run-main-0] INFO  o.atmosphere.cpr.AtmosphereFramework - Messaging Thread Pool Size: 4
22:35:59.010 [run-main-0] INFO  o.atmosphere.cpr.AtmosphereFramework - Async I/O Thread Pool Size: 4
22:35:59.010 [run-main-0] INFO  o.atmosphere.cpr.AtmosphereFramework - Using BroadcasterFactory: org.atmosphere.cpr.DefaultBroadcasterFactory
22:35:59.010 [run-main-0] INFO  o.atmosphere.cpr.AtmosphereFramework - Using AtmosphereResurceFactory: org.atmosphere.cpr.DefaultAtmosphereResourceFactory
22:35:59.010 [run-main-0] INFO  o.atmosphere.cpr.AtmosphereFramework - Using WebSocketProcessor: org.atmosphere.websocket.DefaultWebSocketProcessor
22:35:59.010 [run-main-0] INFO  o.atmosphere.cpr.AtmosphereFramework - Invoke AtmosphereInterceptor on WebSocket message true
22:35:59.010 [run-main-0] INFO  o.atmosphere.cpr.AtmosphereFramework - HttpSession supported: true
22:35:59.010 [run-main-0] INFO  o.atmosphere.cpr.AtmosphereFramework - Atmosphere is using DefaultAtmosphereObjectFactory for dependency injection and object creation
22:35:59.010 [run-main-0] INFO  o.atmosphere.cpr.AtmosphereFramework - Atmosphere is using async support: org.atmosphere.container.Jetty9AsyncSupportWithWebSocket running under container: Undefined/0.0 with WebSocket enabled.
22:35:59.012 [run-main-0] INFO  o.atmosphere.cpr.AtmosphereFramework - Atmosphere Framework 2.4.9 started.
22:35:59.012 [run-main-0] INFO  o.atmosphere.cpr.AtmosphereFramework - 

	For Atmosphere Framework Commercial Support, visit 
	http://www.async-io.org/ or send an email to support@async-io.org

22:35:59.018 [run-main-0] INFO  org.eclipse.jetty.server.Server - jetty-9.3.11.v20160721
22:35:59.286 [run-main-0] INFO  o.e.j.server.handler.ContextHandler - Started o.e.j.s.ServletContextHandler@43ee2411{/,null,AVAILABLE}
22:35:59.294 [run-main-0] INFO  o.e.jetty.server.AbstractConnector - Started ServerConnector@6cf5ea29{HTTP/1.1,[http/1.1]}{0.0.0.0:8080}
22:35:59.295 [run-main-0] INFO  org.eclipse.jetty.server.Server - Started @56321ms
22:35:59.708 [Thread-1] INFO  o.atmosphere.cpr.AtmosphereFramework - Latest version of Atmosphere's JavaScript Client 2.3.5
