23:29:30.013 [run-main-0] INFO  org.eclipse.jetty.util.log - Logging initialized @42514ms
23:29:30.248 [run-main-0] INFO  o.atmosphere.cpr.AtmosphereFramework - Installed AtmosphereHandler io.udash.rpc.AtmosphereService mapped to context-path: /*
23:29:30.249 [run-main-0] INFO  o.atmosphere.cpr.AtmosphereFramework - Installed the following AtmosphereInterceptor mapped to AtmosphereHandler io.udash.rpc.AtmosphereService
23:29:30.289 [run-main-0] WARN  o.atmosphere.cpr.AtmosphereFramework - SessionSupport error. Make sure you also define org.atmosphere.cpr.SessionSupport as a listener in web.xml, see https://github.com/Atmosphere/atmosphere/wiki/Enabling-HttpSession-Support
23:29:30.357 [run-main-0] INFO  o.atmosphere.cpr.AtmosphereFramework - Atmosphere is using org.atmosphere.cpr.DefaultAnnotationProcessor for processing annotation
23:29:30.358 [run-main-0] INFO  o.a.cpr.DefaultAnnotationProcessor - AnnotationProcessor class org.atmosphere.cpr.DefaultAnnotationProcessor$BytecodeBasedAnnotationProcessor being used
23:29:30.453 [run-main-0] INFO  o.atmosphere.cpr.AtmosphereFramework - Auto detecting WebSocketHandler in /WEB-INF/classes/
23:29:30.454 [run-main-0] INFO  o.atmosphere.cpr.AtmosphereFramework - Installed WebSocketProtocol org.atmosphere.websocket.protocol.SimpleHttpProtocol 
23:29:30.500 [run-main-0] INFO  o.atmosphere.cpr.AtmosphereFramework - Installing Default AtmosphereInterceptors
23:29:30.501 [run-main-0] INFO  o.atmosphere.cpr.AtmosphereFramework - 	org.atmosphere.interceptor.CorsInterceptor : CORS Interceptor Support
23:29:30.503 [run-main-0] INFO  o.atmosphere.cpr.AtmosphereFramework - 	org.atmosphere.interceptor.CacheHeadersInterceptor : Default Response's Headers Interceptor
23:29:30.503 [run-main-0] INFO  o.atmosphere.cpr.AtmosphereFramework - 	org.atmosphere.interceptor.PaddingAtmosphereInterceptor : Browser Padding Interceptor Support
23:29:30.504 [run-main-0] INFO  o.atmosphere.cpr.AtmosphereFramework - 	org.atmosphere.interceptor.AndroidAtmosphereInterceptor : Android Interceptor Support
23:29:30.504 [run-main-0] INFO  o.atmosphere.cpr.AtmosphereFramework - 	org.atmosphere.interceptor.HeartbeatInterceptor : Heartbeat Interceptor Support
23:29:30.505 [run-main-0] INFO  o.atmosphere.cpr.AtmosphereFramework - 	org.atmosphere.interceptor.SSEAtmosphereInterceptor : SSE Interceptor Support
23:29:30.505 [run-main-0] INFO  o.atmosphere.cpr.AtmosphereFramework - 	org.atmosphere.interceptor.JSONPAtmosphereInterceptor : JSONP Interceptor Support
23:29:30.506 [run-main-0] INFO  o.atmosphere.cpr.AtmosphereFramework - 	org.atmosphere.interceptor.JavaScriptProtocol : Atmosphere JavaScript Protocol
23:29:30.506 [run-main-0] INFO  o.atmosphere.cpr.AtmosphereFramework - 	org.atmosphere.interceptor.WebSocketMessageSuspendInterceptor : org.atmosphere.interceptor.WebSocketMessageSuspendInterceptor
23:29:30.507 [run-main-0] INFO  o.atmosphere.cpr.AtmosphereFramework - 	org.atmosphere.interceptor.OnDisconnectInterceptor : Browser disconnection detection
23:29:30.507 [run-main-0] INFO  o.atmosphere.cpr.AtmosphereFramework - 	org.atmosphere.interceptor.IdleResourceInterceptor : org.atmosphere.interceptor.IdleResourceInterceptor
23:29:30.507 [run-main-0] INFO  o.atmosphere.cpr.AtmosphereFramework - Set org.atmosphere.cpr.AtmosphereInterceptor.disableDefaults to disable them.
23:29:30.508 [run-main-0] INFO  o.atmosphere.cpr.AtmosphereFramework - Installed AtmosphereInterceptor CORS Interceptor Support with priority FIRST_BEFORE_DEFAULT 
23:29:30.522 [run-main-0] INFO  o.atmosphere.cpr.AtmosphereFramework - Installed AtmosphereInterceptor Default Response's Headers Interceptor with priority AFTER_DEFAULT 
23:29:30.523 [run-main-0] INFO  o.atmosphere.cpr.AtmosphereFramework - Installed AtmosphereInterceptor Browser Padding Interceptor Support with priority AFTER_DEFAULT 
23:29:30.523 [run-main-0] INFO  o.atmosphere.cpr.AtmosphereFramework - Installed AtmosphereInterceptor Android Interceptor Support with priority AFTER_DEFAULT 
23:29:30.523 [run-main-0] INFO  o.a.interceptor.HeartbeatInterceptor - HeartbeatInterceptor configured with padding value 'X', client frequency 30 seconds and server frequency 30 seconds
23:29:30.523 [run-main-0] INFO  o.atmosphere.cpr.AtmosphereFramework - Installed AtmosphereInterceptor Heartbeat Interceptor Support with priority AFTER_DEFAULT 
23:29:30.523 [run-main-0] INFO  o.atmosphere.cpr.AtmosphereFramework - Installed AtmosphereInterceptor SSE Interceptor Support with priority AFTER_DEFAULT 
23:29:30.523 [run-main-0] INFO  o.atmosphere.cpr.AtmosphereFramework - Installed AtmosphereInterceptor JSONP Interceptor Support with priority AFTER_DEFAULT 
23:29:30.524 [run-main-0] INFO  o.atmosphere.cpr.AtmosphereFramework - Installed AtmosphereInterceptor Atmosphere JavaScript Protocol with priority AFTER_DEFAULT 
23:29:30.524 [run-main-0] INFO  o.atmosphere.cpr.AtmosphereFramework - Installed AtmosphereInterceptor org.atmosphere.interceptor.WebSocketMessageSuspendInterceptor with priority AFTER_DEFAULT 
23:29:30.524 [run-main-0] INFO  o.atmosphere.cpr.AtmosphereFramework - Installed AtmosphereInterceptor Browser disconnection detection with priority AFTER_DEFAULT 
23:29:30.524 [run-main-0] INFO  o.atmosphere.cpr.AtmosphereFramework - Installed AtmosphereInterceptor org.atmosphere.interceptor.IdleResourceInterceptor with priority BEFORE_DEFAULT 
23:29:30.542 [run-main-0] INFO  o.atmosphere.cpr.AtmosphereFramework - Using EndpointMapper class org.atmosphere.util.DefaultEndpointMapper
23:29:30.543 [run-main-0] WARN  o.atmosphere.cpr.AtmosphereFramework - No BroadcasterCache configured. Broadcasted message between client reconnection will be LOST. It is recommended to configure the org.atmosphere.cache.UUIDBroadcasterCache
23:29:30.543 [run-main-0] INFO  o.atmosphere.cpr.AtmosphereFramework - Default Broadcaster Class: org.atmosphere.cpr.DefaultBroadcaster
23:29:30.543 [run-main-0] INFO  o.atmosphere.cpr.AtmosphereFramework - Broadcaster Shared List Resources: false
23:29:30.543 [run-main-0] INFO  o.atmosphere.cpr.AtmosphereFramework - Broadcaster Polling Wait Time 100
23:29:30.543 [run-main-0] INFO  o.atmosphere.cpr.AtmosphereFramework - Shared ExecutorService supported: true
23:29:30.543 [run-main-0] INFO  o.atmosphere.cpr.AtmosphereFramework - Messaging Thread Pool Size: 4
23:29:30.544 [run-main-0] INFO  o.atmosphere.cpr.AtmosphereFramework - Async I/O Thread Pool Size: 4
23:29:30.544 [run-main-0] INFO  o.atmosphere.cpr.AtmosphereFramework - Using BroadcasterFactory: org.atmosphere.cpr.DefaultBroadcasterFactory
23:29:30.544 [run-main-0] INFO  o.atmosphere.cpr.AtmosphereFramework - Using AtmosphereResurceFactory: org.atmosphere.cpr.DefaultAtmosphereResourceFactory
23:29:30.544 [run-main-0] INFO  o.atmosphere.cpr.AtmosphereFramework - Using WebSocketProcessor: org.atmosphere.websocket.DefaultWebSocketProcessor
23:29:30.544 [run-main-0] INFO  o.atmosphere.cpr.AtmosphereFramework - Invoke AtmosphereInterceptor on WebSocket message true
23:29:30.544 [run-main-0] INFO  o.atmosphere.cpr.AtmosphereFramework - HttpSession supported: true
23:29:30.544 [run-main-0] INFO  o.atmosphere.cpr.AtmosphereFramework - Atmosphere is using DefaultAtmosphereObjectFactory for dependency injection and object creation
23:29:30.544 [run-main-0] INFO  o.atmosphere.cpr.AtmosphereFramework - Atmosphere is using async support: org.atmosphere.container.Jetty9AsyncSupportWithWebSocket running under container: Undefined/0.0 with WebSocket enabled.
23:29:30.545 [run-main-0] INFO  o.atmosphere.cpr.AtmosphereFramework - Atmosphere Framework 2.4.9 started.
23:29:30.545 [run-main-0] INFO  o.atmosphere.cpr.AtmosphereFramework - 

	For Atmosphere Framework Commercial Support, visit 
	http://www.async-io.org/ or send an email to support@async-io.org

23:29:30.549 [run-main-0] INFO  org.eclipse.jetty.server.Server - jetty-9.3.11.v20160721
23:29:30.633 [run-main-0] INFO  o.e.j.server.handler.ContextHandler - Started o.e.j.s.ServletContextHandler@3c2baf50{/,null,AVAILABLE}
23:29:30.639 [run-main-0] INFO  o.e.jetty.server.AbstractConnector - Started ServerConnector@58df08bc{HTTP/1.1,[http/1.1]}{0.0.0.0:8080}
23:29:30.639 [run-main-0] INFO  org.eclipse.jetty.server.Server - Started @43143ms
23:29:30.973 [Thread-1] INFO  o.atmosphere.cpr.AtmosphereFramework - Latest version of Atmosphere's JavaScript Client 2.3.5
